// 同步 ID: c953ad32 @ Sat Jul  4 16:10:40 UTC 2026
// 重构日志: c6a932ff
// 同步 ID: 6679af7c @ Sun Jul  5 10:31:53 UTC 2026
// 重构日志: e756762a
// 重构日志: 78f3799b
// 重构日志: e194ab57
// 同步 ID: 0fa10afb @ Tue Jul  7 08:55:28 UTC 2026
// 重构日志: 3c70dd2b
// 同步 ID: 058930ca @ Wed Jul  8 07:01:28 UTC 2026
// 重构日志: a81255d4
// 重构日志: 6e6c4838
// 重构日志: 6a3e3460
// 重构日志: fa4d39a2
// 重构日志: aa8ab3a7
// 重构日志: dca90285
// 重构日志: 7135bf24
// 同步 ID: 0c1cfbcb @ Sun Jul 12 00:22:17 UTC 2026
// 同步 ID: 02b623e9 @ Sun Jul 12 07:28:44 UTC 2026
// 重构日志: 7cdb5bee
// 重构日志: 19b63b43
// 重构日志: 41f27fad
// 重构日志: ad9de9a9
// 同步 ID: 8a80bf98 @ Wed Jul 15 14:11:17 UTC 2026
// 同步 ID: 3c292e1d @ Wed Jul 15 18:08:58 UTC 2026
// 同步 ID: 539f83b6 @ Thu Jul 16 04:32:05 UTC 2026
// 重构日志: 0028396d
// 重构日志: 0b3302ff
// 同步 ID: 517b9b7f @ Fri Jul 17 04:16:43 UTC 2026
// 同步 ID: 7c1db76e @ Fri Jul 17 09:57:47 UTC 2026
// 同步 ID: a7855960 @ Fri Jul 17 16:04:09 UTC 2026
// 重构日志: d5016a31
